Using pre-set license
Built from '2020.3/staging' branch; Version is '2020.3.11f1 (99c7afb366b3) revision 10078127'; Using compiler version '192528614'; Build Type 'Release'
OS: 'Windows 10 Enterprise; OS build 19042.1052; Version 2009; 64bit' Language: 'ko' Physical Memory: 8077 MB
BatchMode: 1, IsHumanControllingUs: 0, StartBugReporterOnCrash: 0, Is64bit: 1, IsPro: 0

 COMMAND LINE ARGUMENTS:
C:\Program Files\Unity\Hub\Editor\2020.3.11f1\Editor\Unity.exe
-adb2
-batchMode
-noUpm
-name
AssetImportWorker0
-projectPath
D:/Semester6/ATinyTail/ATinyTail
-logFile
Logs/AssetImportWorker0.log
-srvPort
59024
Successfully changed project path to: D:/Semester6/ATinyTail/ATinyTail
D:/Semester6/ATinyTail/ATinyTail
Using Asset Import Pipeline V2.
Refreshing native plugins compatible for Editor in 112.26 ms, found 2 plugins.
Preloading 0 native plugins for Editor in 0.00 ms.
Initialize engine version: 2020.3.11f1 (99c7afb366b3)
[Subsystems] Discovering subsystems at path C:/Program Files/Unity/Hub/Editor/2020.3.11f1/Editor/Data/Resources/UnitySubsystems
[Subsystems] Discovering subsystems at path D:/Semester6/ATinyTail/ATinyTail/Assets
GfxDevice: creating device client; threaded=0
Direct3D:
    Version:  Direct3D 11.0 [level 11.1]
    Renderer: NVIDIA GeForce GTX 1060 (ID=0x1c20)
    Vendor:   
    VRAM:     6052 MB
    Driver:   27.21.14.6663
Shader 'TLG/ShieldShader': fallback shader 'Particles/Additive' not found
Shader 'TLG/ShieldShader-UI': fallback shader 'Particles/Additive' not found
Initialize mono
Mono path[0] = 'C:/Program Files/Unity/Hub/Editor/2020.3.11f1/Editor/Data/Managed'
Mono path[1] = 'C:/Program Files/Unity/Hub/Editor/2020.3.11f1/Editor/Data/MonoBleedingEdge/lib/mono/unityjit'
Mono config path = 'C:/Program Files/Unity/Hub/Editor/2020.3.11f1/Editor/Data/MonoBleedingEdge/etc'
Using monoOptions --debugger-agent=transport=dt_socket,embedding=1,server=y,suspend=n,address=127.0.0.1:56172
Begin MonoManager ReloadAssembly
Registering precompiled unity dll's ...
Register platform support module: C:/Program Files/Unity/Hub/Editor/2020.3.11f1/Editor/Data/PlaybackEngines/WebGLSupport/UnityEditor.WebGL.Extensions.dll
Register platform support module: C:/Program Files/Unity/Hub/Editor/2020.3.11f1/Editor/Data/PlaybackEngines/WindowsStandaloneSupport/UnityEditor.WindowsStandalone.Extensions.dll
Registered in 0.004007 seconds.
Native extension for WindowsStandalone target not found
Native extension for WebGL target not found
Refreshing native plugins compatible for Editor in 74.13 ms, found 2 plugins.
Preloading 0 native plugins for Editor in 0.00 ms.
Mono: successfully reloaded assembly
- Completed reload, in  3.116 seconds
Platform modules already initialized, skipping
Registering precompiled user dll's ...
Registered in 0.824095 seconds.
Begin MonoManager ReloadAssembly
Native extension for WindowsStandalone target not found
Native extension for WebGL target not found
Refreshing native plugins compatible for Editor in 0.91 ms, found 2 plugins.
Preloading 0 native plugins for Editor in 0.00 ms.
Mono: successfully reloaded assembly
- Completed reload, in  1.697 seconds
Platform modules already initialized, skipping
========================================================================
Worker process is ready to serve import requests
Shader 'TLG/ShieldShader-UI': fallback shader 'Particles/Additive' not found
Shader 'TLG/ShieldShader': fallback shader 'Particles/Additive' not found
Launched and connected shader compiler UnityShaderCompiler.exe after 0.08 seconds
Refreshing native plugins compatible for Editor in 1.36 ms, found 2 plugins.
Preloading 0 native plugins for Editor in 0.00 ms.
Unloading 2003 Unused Serialized files (Serialized files now loaded: 0)
System memory in use before: 98.8 MB.
System memory in use after: 98.8 MB.

Unloading 58 unused Assets to reduce memory usage. Loaded Objects now: 2417.
Total: 7.374800 ms (FindLiveObjects: 0.237300 ms CreateObjectMapping: 0.099900 ms MarkObjects: 6.921600 ms  DeleteObjects: 0.113400 ms)

========================================================================
Received Import Request.
  path: Assets/Scenes/Menu/MainMenu.unity
  artifactKey: Guid(498d6a26b1e33a348a25534571f6d086) Importer(815301076,1909f56bfc062723c751e8b465ee728b)
Start importing Assets/Scenes/Menu/MainMenu.unity using Guid(498d6a26b1e33a348a25534571f6d086) Importer(815301076,1909f56bfc062723c751e8b465ee728b)  -> (artifact id: 'f05ecdf6c46042096ebe531818d04815') in 0.025843 seconds
  Import took 0.030481 seconds .

========================================================================
Received Prepare
Shader 'TLG/ShieldShader-UI': fallback shader 'Particles/Additive' not found
Shader 'TLG/ShieldShader': fallback shader 'Particles/Additive' not found
Refreshing native plugins compatible for Editor in 13.11 ms, found 2 plugins.
Preloading 0 native plugins for Editor in 0.00 ms.
Unloading 47 Unused Serialized files (Serialized files now loaded: 0)
System memory in use before: 57.9 MB.
System memory in use after: 58.1 MB.

Unloading 47 unused Assets to reduce memory usage. Loaded Objects now: 2417.
Total: 6.975500 ms (FindLiveObjects: 0.172900 ms CreateObjectMapping: 0.080600 ms MarkObjects: 6.675600 ms  DeleteObjects: 0.045100 ms)

========================================================================
Received Prepare
Registering precompiled user dll's ...
Registered in 0.108143 seconds.
Begin MonoManager ReloadAssembly
Native extension for WindowsStandalone target not found
Native extension for WebGL target not found
Refreshing native plugins compatible for Editor in 0.85 ms, found 2 plugins.
Preloading 0 native plugins for Editor in 0.00 ms.
Mono: successfully reloaded assembly
- Completed reload, in  1.364 seconds
Platform modules already initialized, skipping
Shader 'TLG/ShieldShader-UI': fallback shader 'Particles/Additive' not found
Shader 'TLG/ShieldShader': fallback shader 'Particles/Additive' not found
Refreshing native plugins compatible for Editor in 0.84 ms, found 2 plugins.
Preloading 0 native plugins for Editor in 0.00 ms.
Unloading 1972 Unused Serialized files (Serialized files now loaded: 0)
System memory in use before: 96.3 MB.
System memory in use after: 96.4 MB.

Unloading 49 unused Assets to reduce memory usage. Loaded Objects now: 2420.
Total: 5.919300 ms (FindLiveObjects: 0.163100 ms CreateObjectMapping: 0.058900 ms MarkObjects: 5.639800 ms  DeleteObjects: 0.056100 ms)

========================================================================
Received Prepare
Shader 'TLG/ShieldShader-UI': fallback shader 'Particles/Additive' not found
Shader 'TLG/ShieldShader': fallback shader 'Particles/Additive' not found
Refreshing native plugins compatible for Editor in 16.80 ms, found 2 plugins.
Preloading 0 native plugins for Editor in 0.00 ms.
Unloading 47 Unused Serialized files (Serialized files now loaded: 0)
System memory in use before: 58.2 MB.
System memory in use after: 58.4 MB.

Unloading 47 unused Assets to reduce memory usage. Loaded Objects now: 2420.
Total: 8.636000 ms (FindLiveObjects: 0.250700 ms CreateObjectMapping: 0.141000 ms MarkObjects: 8.198500 ms  DeleteObjects: 0.044500 ms)

AssetImportWorkerClient::OnTransportError - code=2 error=End of file
